<?xml version="1.0" encoding="UTF-8"?>
<testng-results skipped="0" failed="0" total="1" passed="1">
  <reporter-output>
  </reporter-output>
  <suite name="Default suite" duration-ms="4418" started-at="2019-05-11T01:14:08Z" finished-at="2019-05-11T01:14:12Z">
    <groups>
    </groups>
    <test name="Default test" duration-ms="4418" started-at="2019-05-11T01:14:08Z" finished-at="2019-05-11T01:14:12Z">
      <class name="testPackage.FirstTest2">
        <test-method status="PASS" signature="VerifyHomePageTitle()[pri:0, instance:testPackage.FirstTest2@2c8d66b2]" name="VerifyHomePageTitle" duration-ms="4404" started-at="2019-05-10T20:14:08Z" finished-at="2019-05-10T20:14:12Z">
          <reporter-output>
          </reporter-output>
        </test-method> <!-- VerifyHomePageTitle -->
      </class> <!-- testPackage.FirstTest2 -->
    </test> <!-- Default test -->
  </suite> <!-- Default suite -->
</testng-results>
